<?xml version="1.0" encoding="UTF-8"?>
<!-- Generated by org.testng.reporters.JUnitReportReporter -->
<testsuite hostname="LAPTOP-2OFMSJ0A" failures="0" tests="1" name="testCasesforHome.TC01_VerifyHomepage" time="38.924" errors="0" timestamp="2022-10-07T09:42:05 IST" skipped="0">
  <testcase classname="testCasesforHome.TC01_VerifyHomepage" name="verifyHomePage" time="38.924"/>
  <system-out/>
</testsuite> <!-- testCasesforHome.TC01_VerifyHomepage -->
